<?xml version="1.0" encoding="UTF-8"?>
<!-- Generated by org.testng.reporters.JUnitReportReporter -->
<testsuite skipped="0" hostname="FireBreaks-MacBook-Pro.local" name="com.MovieDetails.MovieDetails" tests="2" failures="0" timestamp="03 Sep 2022 10:36:02 GMT" time="24.657" errors="0">
  <testcase name="iMDB" time="12.443" classname="com.MovieDetails.MovieDetails"/>
  <testcase name="wiki" time="12.214" classname="com.MovieDetails.MovieDetails"/>
</testsuite> <!-- com.MovieDetails.MovieDetails -->
