<?xml version="1.0" encoding="UTF-8"?>
<!-- Generated by org.testng.reporters.JUnitReportReporter -->
<testsuite skipped="0" hostname="FireBreaks-MacBook-Pro.local" name="com.MovieDetails.MovieDetailsIMDB" tests="2" failures="0" timestamp="03 Sep 2022 04:54:03 GMT" time="19.732" errors="0">
  <testcase name="iMDB" time="14.649" classname="com.MovieDetails.MovieDetailsIMDB"/>
  <testcase name="wiki" time="5.083" classname="com.MovieDetails.MovieDetailsIMDB"/>
</testsuite> <!-- com.MovieDetails.MovieDetailsIMDB -->
