<?xml version="1.0" encoding="UTF-8"?>
<!-- Generated by org.testng.reporters.JUnitReportReporter -->
<testsuite skipped="0" hostname="FireBreaks-MacBook-Pro.local" name="com.MovieDetails.MovieDetails" tests="2" failures="0" timestamp="03 Sep 2022 06:41:09 GMT" time="26.647" errors="0">
  <testcase name="iMDB" time="13.804" classname="com.MovieDetails.MovieDetails"/>
  <testcase name="wiki" time="12.843" classname="com.MovieDetails.MovieDetails"/>
</testsuite> <!-- com.MovieDetails.MovieDetails -->
